#
# A fatal error has been detected by the Java Runtime Environment:
#
#  EXCEPTION_ACCESS_VIOLATION (0xc0000005) at pc=0x00007ff95cf0fa16, pid=8768, tid=13172
#
# JRE version: OpenJDK Runtime Environment (11.0.7+10) (build 11.0.7+10)
# Java VM: OpenJDK 64-Bit Server VM (11.0.7+10, mixed mode, tiered, compressed oops, g1 gc, windows-amd64)
# Problematic frame:
# C  [awt.dll+0x8fa16]
#
# No core dump will be written. Minidumps are not enabled by default on client versions of Windows
#
# If you would like to submit a bug report, please visit:
#   https://github.com/AdoptOpenJDK/openjdk-support/issues
# The crash happened outside the Java Virtual Machine in native code.
# See problematic frame for where to report the bug.
#

---------------  S U M M A R Y ------------

Command Line: -Dfile.encoding=UTF-8 Sys.Main

Host: Intel(R) Core(TM) i5-9400F CPU @ 2.90GHz, 6 cores, 15G,  Windows 10 , 64 bit Build 19041 (10.0.19041.662)
Time: Sun Feb  7 11:31:07 2021 ìåãû (ïWèÄéû) elapsed time: 0 seconds (0d 0h 0m 0s)

---------------  T H R E A D  ---------------

Current thread (0x000001c085671000):  JavaThread "main" [_thread_in_native, id=13172, stack(0x000000b8f1e00000,0x000000b8f1f00000)]

Stack: [0x000000b8f1e00000,0x000000b8f1f00000],  sp=0x000000b8f1efed60,  free space=1019k
Native frames: (J=compiled Java code, j=interpreted, Vv=VM code, C=native code)
C  [awt.dll+0x8fa16]

Java frames: (J=compiled Java code, j=interpreted, Vv=VM code)
j  sun.awt.windows.WComponentPeer._setFont(Ljava/awt/Font;)V+0 java.desktop@11.0.7
j  sun.awt.windows.WComponentPeer.setFont(Ljava/awt/Font;)V+7 java.desktop@11.0.7
j  sun.awt.windows.WWindowPeer.initialize()V+42 java.desktop@11.0.7
j  sun.awt.windows.WFramePeer.initialize()V+1 java.desktop@11.0.7
j  sun.awt.windows.WComponentPeer.<init>(Ljava/awt/Component;)V+83 java.desktop@11.0.7
j  sun.awt.windows.WCanvasPeer.<init>(Ljava/awt/Component;)V+2 java.desktop@11.0.7
j  sun.awt.windows.WPanelPeer.<init>(Ljava/awt/Component;)V+2 java.desktop@11.0.7
j  sun.awt.windows.WWindowPeer.<init>(Ljava/awt/Window;)V+2 java.desktop@11.0.7
j  sun.awt.windows.WFramePeer.<init>(Ljava/awt/Frame;)V+2 java.desktop@11.0.7
j  sun.awt.windows.WToolkit.createFrame(Ljava/awt/Frame;)Ljava/awt/peer/FramePeer;+5 java.desktop@11.0.7
j  java.awt.Frame.addNotify()V+20 java.desktop@11.0.7
j  java.awt.Window.show()V+8 java.desktop@11.0.7
j  java.awt.Component.show(Z)V+5 java.desktop@11.0.7
j  java.awt.Component.setVisible(Z)V+2 java.desktop@11.0.7
j  java.awt.Window.setVisible(Z)V+2 java.desktop@11.0.7
j  GUI.GuiMap.updateWindow(LSys/Map;)V+1411
j  GUI.GuiMap.<init>(LSys/Map;)V+45
j  Sys.Map.createMapWindow()V+6
j  Sys.GameCtrl.firstTurn(LSys/Map;[LSys/Player;)V+1
j  Sys.Test3.test3()V+17
j  Sys.Main.main([Ljava/lang/String;)V+3
v  ~StubRoutines::call_stub

siginfo: EXCEPTION_ACCESS_VIOLATION (0xc0000005), reading address 0x0000000000000058


Register to memory mapping:

RIP=0x00007ff95cf0fa16 awt.dll
RAX=0x00007ff95cf8b680 awt.dll
RBX=0x000001c085671340 points into unknown readable memory: 00 bc 15 4c f9 7f 00 00
RCX=0x000001c0b134e1a0 points into unknown readable memory: 80 b6 f8 5c f9 7f 00 00
RDX=0x0 is NULL
RSP=0x000000b8f1efed60 is pointing into the stack for thread: 0x000001c085671000
RBP=0x0 is NULL
RSI=0x000001c0b1e41978 is a global jni handle
RDI=0x000001c0b1e41980 is a global jni handle
R8 =0x0000000000000004 is an unknown value
R9 =0x00000008000b28a0 is a pointer to class: 
java.awt.Font {0x00000008000b28a8}
R10=0x0000000000008000 is an unknown value
R11=0x000000b8f1efed60 is pointing into the stack for thread: 0x000001c085671000
R12=0x0 is NULL
R13={method} {0x000001c0a9c729c0} '_setFont' '(Ljava/awt/Font;)V' in 'sun/awt/windows/WComponentPeer'
R14=0x000001c0b134e1a0 points into unknown readable memory: 80 b6 f8 5c f9 7f 00 00
R15=0x000001c0b1a0b9f0 points into unknown readable memory: 78 19 e4 b1 c0 01 00 00


Registers:
RAX=0x00007ff95cf8b680, RBX=0x000001c085671340, RCX=0x000001c0b134e1a0, RDX=0x0000000000000000
RSP=0x000000b8f1efed60, RBP=0x0000000000000000, RSI=0x000001c0b1e41978, RDI=0x000001c0b1e41980
R8 =0x0000000000000004, R9 =0x00000008000b28a0, R10=0x0000000000008000, R11=0x000000b8f1efed60
R12=0x0000000000000000, R13=0x000001c0a9c729b8, R14=0x000001c0b134e1a0, R15=0x000001c0b1a0b9f0
RIP=0x00007ff95cf0fa16, EFLAGS=0x0000000000010206

Top of Stack: (sp=0x000000b8f1efed60)
0x000000b8f1efed60:   000001c0b1a0b9f0 000001c0b134e1a0
0x000000b8f1efed70:   000001c0b1a0b9f0 000001c0b134e1a0
0x000000b8f1efed80:   000001c0b1e41980 00007ff95cf14921
0x000000b8f1efed90:   000001c085671340 000001c085671340
0x000000b8f1efeda0:   0000000000000000 000001c0b1e41978
0x000000b8f1efedb0:   000001c085671000 000000b8f1efef08
0x000000b8f1efedc0:   000001c0b1a0b9f0 00007ff95cf4dbcb
0x000000b8f1efedd0:   00007ff95cfd1078 000000b8f1efeee0
0x000000b8f1efede0:   00007ff95cf147f4 0000000000000000
0x000000b8f1efedf0:   fffffffffffffffe fffffffffffffffe
0x000000b8f1efee00:   000001c0b1e41978 00007ff95cf15ae8
0x000000b8f1efee10:   000001c0b1e41980 000000b8f1efef00
0x000000b8f1efee20:   000000b8f1efef00 00007ff95cfd1078
0x000000b8f1efee30:   fffffffffffffffe 00007ff94bb2f6ac
0x000000b8f1efee40:   000001c08dcf9e67 000001c08dcffe08
0x000000b8f1efee50:   000001c0a9c729b8 000000000000710c 

Instructions: (pc=0x00007ff95cf0fa16)
0x00007ff95cf0f916:   00 48 8b d9 e8 d9 dc ff ff 48 8b f8 48 85 c0 75
0x00007ff95cf0f926:   04 48 8b 7b 48 48 8b cf e8 50 19 05 00 48 8b d8
0x00007ff95cf0f936:   48 85 c0 74 60 83 64 24 20 00 0f 57 c0 83 64 24
0x00007ff95cf0f946:   34 00 b9 11 00 00 00 83 64 24 38 00 f3 0f 7f 44
0x00007ff95cf0f956:   24 24 ff 15 da d9 0b 00 4c 8d 44 24 40 ba 5c 00
0x00007ff95cf0f966:   00 00 48 8b c8 ff 15 7f dc 0b 00 83 f8 5c 75 0d
0x00007ff95cf0f976:   48 8d 54 24 40 48 8b cb e8 af 19 05 00 48 8d 54
0x00007ff95cf0f986:   24 20 48 8b cb e8 c6 19 05 00 48 8b d3 48 8b cf
0x00007ff95cf0f996:   e8 73 19 05 00 48 8b 8c 24 a0 00 00 00 48 33 cc
0x00007ff95cf0f9a6:   e8 a5 26 05 00 48 8b 9c 24 c8 00 00 00 48 81 c4
0x00007ff95cf0f9b6:   b0 00 00 00 5f c3 40 53 48 83 ec 20 48 8b d9 ff
0x00007ff95cf0f9c6:   15 bd e1 0b 00 48 85 c0 75 0a 48 8b 4b 48 ff 15
0x00007ff95cf0f9d6:   a6 e1 0b 00 48 83 c4 20 5b c3 4c 63 c2 48 8b 15
0x00007ff95cf0f9e6:   5e c5 0b 00 48 ff 25 37 e0 0b 00 cc cc cc 48 8b
0x00007ff95cf0f9f6:   d1 48 8b 0d 82 f5 0b 00 48 89 15 7b f5 0b 00 e9
0x00007ff95cf0fa06:   5a 67 04 00 cc cc 48 89 5c 24 08 57 48 83 ec 20
0x00007ff95cf0fa16:   83 7a 58 00 48 8b da 48 8b f9 7d 08 48 8b ca e8
0x00007ff95cf0fa26:   32 95 01 00 4c 8b 43 48 45 33 c9 48 8b 4f 48 4d
0x00007ff95cf0fa36:   8b 00 41 8d 51 30 ff 15 ae e2 0b 00 48 8b 4f 48
0x00007ff95cf0fa46:   33 d2 44 8d 42 01 48 8b 5c 24 30 48 83 c4 20 5f
0x00007ff95cf0fa56:   48 ff 25 4b e1 0b 00 cc cc cc 48 8b c4 48 89 58
0x00007ff95cf0fa66:   08 48 89 68 10 48 89 70 18 48 89 78 20 41 56 48
0x00007ff95cf0fa76:   83 ec 20 4c 8b f2 48 8b f9 48 8b 0d f2 13 0c 00
0x00007ff95cf0fa86:   ba 02 00 01 00 41 8b e8 e8 c0 24 05 00 48 8b 97
0x00007ff95cf0fa96:   c0 00 00 00 33 db 48 8b f0 48 85 d2 74 0d 4c 8b
0x00007ff95cf0faa6:   08 48 8b c8 41 ff 91 b0 00 00 00 4d 85 f6 74 14
0x00007ff95cf0fab6:   48 8b 06 49 8b d6 48 8b ce ff 90 a8 00 00 00 48
0x00007ff95cf0fac6:   8b d8 eb 05 bd 01 00 00 00 48 89 9f c0 00 00 00
0x00007ff95cf0fad6:   89 af c8 00 00 00 48 8b 5c 24 30 48 8b 6c 24 38
0x00007ff95cf0fae6:   48 8b 74 24 40 48 8b 7c 24 48 48 83 c4 20 41 5e
0x00007ff95cf0faf6:   c3 cc 48 89 5c 24 08 48 89 6c 24 10 48 89 74 24
0x00007ff95cf0fb06:   18 57 48 83 ec 20 33 db 48 8b f9 48 85 c9 75 09 


Stack slot to memory mapping:
stack at sp + 0 slots: 0x000001c0b1a0b9f0 points into unknown readable memory: 78 19 e4 b1 c0 01 00 00
stack at sp + 1 slots: 0x000001c0b134e1a0 points into unknown readable memory: 80 b6 f8 5c f9 7f 00 00
stack at sp + 2 slots: 0x000001c0b1a0b9f0 points into unknown readable memory: 78 19 e4 b1 c0 01 00 00
stack at sp + 3 slots: 0x000001c0b134e1a0 points into unknown readable memory: 80 b6 f8 5c f9 7f 00 00
stack at sp + 4 slots: 0x000001c0b1e41980 is a global jni handle
stack at sp + 5 slots: 0x00007ff95cf14921 awt.dll
stack at sp + 6 slots: 0x000001c085671340 points into unknown readable memory: 00 bc 15 4c f9 7f 00 00
stack at sp + 7 slots: 0x000001c085671340 points into unknown readable memory: 00 bc 15 4c f9 7f 00 00


---------------  P R O C E S S  ---------------

Threads class SMR info:
_java_thread_list=0x000001c0b17258c0, length=15, elements={
0x000001c085671000, 0x000001c0a961d000, 0x000001c0a9626000, 0x000001c0a9f09800,
0x000001c0a9f0a800, 0x000001c0a9f0b800, 0x000001c0a9f17000, 0x000001c0a9f1b000,
0x000001c0aa075000, 0x000001c0aa07d800, 0x000001c0aa43b000, 0x000001c0aa461000,
0x000001c0aa46e800, 0x000001c0b13f7000, 0x000001c0b1baa000
}

Java Threads: ( => current thread )
=>0x000001c085671000 JavaThread "main" [_thread_in_native, id=13172, stack(0x000000b8f1e00000,0x000000b8f1f00000)]
  0x000001c0a961d000 JavaThread "Reference Handler" daemon [_thread_blocked, id=15684, stack(0x000000b8f2500000,0x000000b8f2600000)]
  0x000001c0a9626000 JavaThread "Finalizer" daemon [_thread_blocked, id=12096, stack(0x000000b8f2600000,0x000000b8f2700000)]
  0x000001c0a9f09800 JavaThread "Signal Dispatcher" daemon [_thread_blocked, id=11256, stack(0x000000b8f2700000,0x000000b8f2800000)]
  0x000001c0a9f0a800 JavaThread "Attach Listener" daemon [_thread_blocked, id=4604, stack(0x000000b8f2800000,0x000000b8f2900000)]
  0x000001c0a9f0b800 JavaThread "C2 CompilerThread0" daemon [_thread_blocked, id=7452, stack(0x000000b8f2900000,0x000000b8f2a00000)]
  0x000001c0a9f17000 JavaThread "C1 CompilerThread0" daemon [_thread_blocked, id=4620, stack(0x000000b8f2a00000,0x000000b8f2b00000)]
  0x000001c0a9f1b000 JavaThread "Sweeper thread" daemon [_thread_blocked, id=2012, stack(0x000000b8f2b00000,0x000000b8f2c00000)]
  0x000001c0aa075000 JavaThread "Service Thread" daemon [_thread_blocked, id=8012, stack(0x000000b8f2c00000,0x000000b8f2d00000)]
  0x000001c0aa07d800 JavaThread "Common-Cleaner" daemon [_thread_blocked, id=2896, stack(0x000000b8f2e00000,0x000000b8f2f00000)]
  0x000001c0aa43b000 JavaThread "Java2D Disposer" daemon [_thread_blocked, id=7776, stack(0x000000b8f2f00000,0x000000b8f3000000)]
  0x000001c0aa461000 JavaThread "AWT-Shutdown" [_thread_blocked, id=10296, stack(0x000000b8f3000000,0x000000b8f3100000)]
  0x000001c0aa46e800 JavaThread "AWT-Windows" daemon [_thread_in_native, id=388, stack(0x000000b8f3100000,0x000000b8f3200000)]
  0x000001c0b13f7000 JavaThread "C2 CompilerThread1" daemon [_thread_blocked, id=15852, stack(0x000000b8f34b0000,0x000000b8f35b0000)]
  0x000001c0b1baa000 JavaThread "AWT-EventQueue-0" [_thread_blocked, id=16220, stack(0x000000b8f35b0000,0x000000b8f36b0000)]

Other Threads:
  0x000001c0a961a000 VMThread "VM Thread" [stack: 0x000000b8f2400000,0x000000b8f2500000] [id=7420]
  0x000001c0aa079800 WatcherThread [stack: 0x000000b8f2d00000,0x000000b8f2e00000] [id=4112]
  0x000001c08568b000 GCTaskThread "GC Thread#0" [stack: 0x000000b8f1f00000,0x000000b8f2000000] [id=9168]
  0x000001c0856ec000 ConcurrentGCThread "G1 Main Marker" [stack: 0x000000b8f2000000,0x000000b8f2100000] [id=5404]
  0x000001c0856ee800 ConcurrentGCThread "G1 Conc#0" [stack: 0x000000b8f2100000,0x000000b8f2200000] [id=15776]
  0x000001c0a94dc800 ConcurrentGCThread "G1 Refine#0" [stack: 0x000000b8f2200000,0x000000b8f2300000] [id=7520]
  0x000001c0a94dd800 ConcurrentGCThread "G1 Young RemSet Sampling" [stack: 0x000000b8f2300000,0x000000b8f2400000] [id=15000]

Threads with active compile tasks:

VM state:not at safepoint (normal execution)

VM Mutex/Monitor currently owned by a thread: None

Heap address: 0x0000000701000000, size: 4080 MB, Compressed Oops mode: Zero based, Oop shift amount: 3
Narrow klass base: 0x0000000800000000, Narrow klass shift: 0
Compressed class space size: 1073741824 Address: 0x0000000800000000

Heap:
 garbage-first heap   total 262144K, used 18432K [0x0000000701000000, 0x0000000800000000)
  region size 1024K, 19 young (19456K), 0 survivors (0K)
 Metaspace       used 14224K, capacity 14631K, committed 14848K, reserved 1062912K
  class space    used 1527K, capacity 1721K, committed 1792K, reserved 1048576K
Heap Regions: E=young(eden), S=young(survivor), O=old, HS=humongous(starts), HC=humongous(continues), CS=collection set, F=free, A=archive, TAMS=top-at-mark-start (previous, next)
|   0|0x0000000701000000, 0x0000000701000000, 0x0000000701100000|  0%| F|  |TAMS 0x0000000701000000, 0x0000000701000000| Untracked 
|   1|0x0000000701100000, 0x0000000701100000, 0x0000000701200000|  0%| F|  |TAMS 0x0000000701100000, 0x0000000701100000| Untracked 
|   2|0x0000000701200000, 0x0000000701200000, 0x0000000701300000|  0%| F|  |TAMS 0x0000000701200000, 0x0000000701200000| Untracked 
|   3|0x0000000701300000, 0x0000000701300000, 0x0000000701400000|  0%| F|  |TAMS 0x0000000701300000, 0x0000000701300000| Untracked 
|   4|0x0000000701400000, 0x0000000701400000, 0x0000000701500000|  0%| F|  |TAMS 0x0000000701400000, 0x0000000701400000| Untracked 
|   5|0x0000000701500000, 0x0000000701500000, 0x0000000701600000|  0%| F|  |TAMS 0x0000000701500000, 0x0000000701500000| Untracked 
|   6|0x0000000701600000, 0x0000000701600000, 0x0000000701700000|  0%| F|  |TAMS 0x0000000701600000, 0x0000000701600000| Untracked 
|   7|0x0000000701700000, 0x0000000701700000, 0x0000000701800000|  0%| F|  |TAMS 0x0000000701700000, 0x0000000701700000| Untracked 
|   8|0x0000000701800000, 0x0000000701800000, 0x0000000701900000|  0%| F|  |TAMS 0x0000000701800000, 0x0000000701800000| Untracked 
|   9|0x0000000701900000, 0x0000000701900000, 0x0000000701a00000|  0%| F|  |TAMS 0x0000000701900000, 0x0000000701900000| Untracked 
|  10|0x0000000701a00000, 0x0000000701a00000, 0x0000000701b00000|  0%| F|  |TAMS 0x0000000701a00000, 0x0000000701a00000| Untracked 
|  11|0x0000000701b00000, 0x0000000701b00000, 0x0000000701c00000|  0%| F|  |TAMS 0x0000000701b00000, 0x0000000701b00000| Untracked 
|  12|0x0000000701c00000, 0x0000000701c00000, 0x0000000701d00000|  0%| F|  |TAMS 0x0000000701c00000, 0x0000000701c00000| Untracked 
|  13|0x0000000701d00000, 0x0000000701d00000, 0x0000000701e00000|  0%| F|  |TAMS 0x0000000701d00000, 0x0000000701d00000| Untracked 
|  14|0x0000000701e00000, 0x0000000701e00000, 0x0000000701f00000|  0%| F|  |TAMS 0x0000000701e00000, 0x0000000701e00000| Untracked 
|  15|0x0000000701f00000, 0x0000000701f00000, 0x0000000702000000|  0%| F|  |TAMS 0x0000000701f00000, 0x0000000701f00000| Untracked 
|  16|0x0000000702000000, 0x0000000702000000, 0x0000000702100000|  0%| F|  |TAMS 0x0000000702000000, 0x0000000702000000| Untracked 
|  17|0x0000000702100000, 0x0000000702100000, 0x0000000702200000|  0%| F|  |TAMS 0x0000000702100000, 0x0000000702100000| Untracked 
|  18|0x0000000702200000, 0x0000000702200000, 0x0000000702300000|  0%| F|  |TAMS 0x0000000702200000, 0x0000000702200000| Untracked 
|  19|0x0000000702300000, 0x0000000702300000, 0x0000000702400000|  0%| F|  |TAMS 0x0000000702300000, 0x0000000702300000| Untracked 
|  20|0x0000000702400000, 0x0000000702400000, 0x0000000702500000|  0%| F|  |TAMS 0x0000000702400000, 0x0000000702400000| Untracked 
|  21|0x0000000702500000, 0x0000000702500000, 0x0000000702600000|  0%| F|  |TAMS 0x0000000702500000, 0x0000000702500000| Untracked 
|  22|0x0000000702600000, 0x0000000702600000, 0x0000000702700000|  0%| F|  |TAMS 0x0000000702600000, 0x0000000702600000| Untracked 
|  23|0x0000000702700000, 0x0000000702700000, 0x0000000702800000|  0%| F|  |TAMS 0x0000000702700000, 0x0000000702700000| Untracked 
|  24|0x0000000702800000, 0x0000000702800000, 0x0000000702900000|  0%| F|  |TAMS 0x0000000702800000, 0x0000000702800000| Untracked 
|  25|0x0000000702900000, 0x0000000702900000, 0x0000000702a00000|  0%| F|  |TAMS 0x0000000702900000, 0x0000000702900000| Untracked 
|  26|0x0000000702a00000, 0x0000000702a00000, 0x0000000702b00000|  0%| F|  |TAMS 0x0000000702a00000, 0x0000000702a00000| Untracked 
|  27|0x0000000702b00000, 0x0000000702b00000, 0x0000000702c00000|  0%| F|  |TAMS 0x0000000702b00000, 0x0000000702b00000| Untracked 
|  28|0x0000000702c00000, 0x0000000702c00000, 0x0000000702d00000|  0%| F|  |TAMS 0x0000000702c00000, 0x0000000702c00000| Untracked 
|  29|0x0000000702d00000, 0x0000000702d00000, 0x0000000702e00000|  0%| F|  |TAMS 0x0000000702d00000, 0x0000000702d00000| Untracked 
|  30|0x0000000702e00000, 0x0000000702e00000, 0x0000000702f00000|  0%| F|  |TAMS 0x0000000702e00000, 0x0000000702e00000| Untracked 
|  31|0x0000000702f00000, 0x0000000702f00000, 0x0000000703000000|  0%| F|  |TAMS 0x0000000702f00000, 0x0000000702f00000| Untracked 
|  32|0x0000000703000000, 0x0000000703000000, 0x0000000703100000|  0%| F|  |TAMS 0x0000000703000000, 0x0000000703000000| Untracked 
|  33|0x0000000703100000, 0x0000000703100000, 0x0000000703200000|  0%| F|  |TAMS 0x0000000703100000, 0x0000000703100000| Untracked 
|  34|0x0000000703200000, 0x0000000703200000, 0x0000000703300000|  0%| F|  |TAMS 0x0000000703200000, 0x0000000703200000| Untracked 
|  35|0x0000000703300000, 0x0000000703300000, 0x0000000703400000|  0%| F|  |TAMS 0x0000000703300000, 0x0000000703300000| Untracked 
|  36|0x0000000703400000, 0x0000000703400000, 0x0000000703500000|  0%| F|  |TAMS 0x0000000703400000, 0x0000000703400000| Untracked 
|  37|0x0000000703500000, 0x0000000703500000, 0x0000000703600000|  0%| F|  |TAMS 0x0000000703500000, 0x0000000703500000| Untracked 
|  38|0x0000000703600000, 0x0000000703600000, 0x0000000703700000|  0%| F|  |TAMS 0x0000000703600000, 0x0000000703600000| Untracked 
|  39|0x0000000703700000, 0x0000000703700000, 0x0000000703800000|  0%| F|  |TAMS 0x0000000703700000, 0x0000000703700000| Untracked 
|  40|0x0000000703800000, 0x0000000703800000, 0x0000000703900000|  0%| F|  |TAMS 0x0000000703800000, 0x0000000703800000| Untracked 
|  41|0x0000000703900000, 0x0000000703900000, 0x0000000703a00000|  0%| F|  |TAMS 0x0000000703900000, 0x0000000703900000| Untracked 
|  42|0x0000000703a00000, 0x0000000703a00000, 0x0000000703b00000|  0%| F|  |TAMS 0x0000000703a00000, 0x0000000703a00000| Untracked 
|  43|0x0000000703b00000, 0x0000000703b00000, 0x0000000703c00000|  0%| F|  |TAMS 0x0000000703b00000, 0x0000000703b00000| Untracked 
|  44|0x0000000703c00000, 0x0000000703c00000, 0x0000000703d00000|  0%| F|  |TAMS 0x0000000703c00000, 0x0000000703c00000| Untracked 
|  45|0x0000000703d00000, 0x0000000703d00000, 0x0000000703e00000|  0%| F|  |TAMS 0x0000000703d00000, 0x0000000703d00000| Untracked 
|  46|0x0000000703e00000, 0x0000000703e00000, 0x0000000703f00000|  0%| F|  |TAMS 0x0000000703e00000, 0x0000000703e00000| Untracked 
|  47|0x0000000703f00000, 0x0000000703f00000, 0x0000000704000000|  0%| F|  |TAMS 0x0000000703f00000, 0x0000000703f00000| Untracked 
|  48|0x0000000704000000, 0x0000000704000000, 0x0000000704100000|  0%| F|  |TAMS 0x0000000704000000, 0x0000000704000000| Untracked 
|  49|0x0000000704100000, 0x0000000704100000, 0x0000000704200000|  0%| F|  |TAMS 0x0000000704100000, 0x0000000704100000| Untracked 
|  50|0x0000000704200000, 0x0000000704200000, 0x0000000704300000|  0%| F|  |TAMS 0x0000000704200000, 0x0000000704200000| Untracked 
|  51|0x0000000704300000, 0x0000000704300000, 0x0000000704400000|  0%| F|  |TAMS 0x0000000704300000, 0x0000000704300000| Untracked 
|  52|0x0000000704400000, 0x0000000704400000, 0x0000000704500000|  0%| F|  |TAMS 0x0000000704400000, 0x0000000704400000| Untracked 
|  53|0x0000000704500000, 0x0000000704500000, 0x0000000704600000|  0%| F|  |TAMS 0x0000000704500000, 0x0000000704500000| Untracked 
|  54|0x0000000704600000, 0x0000000704600000, 0x0000000704700000|  0%| F|  |TAMS 0x0000000704600000, 0x0000000704600000| Untracked 
|  55|0x0000000704700000, 0x0000000704700000, 0x0000000704800000|  0%| F|  |TAMS 0x0000000704700000, 0x0000000704700000| Untracked 
|  56|0x0000000704800000, 0x0000000704800000, 0x0000000704900000|  0%| F|  |TAMS 0x0000000704800000, 0x0000000704800000| Untracked 
|  57|0x0000000704900000, 0x0000000704900000, 0x0000000704a00000|  0%| F|  |TAMS 0x0000000704900000, 0x0000000704900000| Untracked 
|  58|0x0000000704a00000, 0x0000000704a00000, 0x0000000704b00000|  0%| F|  |TAMS 0x0000000704a00000, 0x0000000704a00000| Untracked 
|  59|0x0000000704b00000, 0x0000000704b00000, 0x0000000704c00000|  0%| F|  |TAMS 0x0000000704b00000, 0x0000000704b00000| Untracked 
|  60|0x0000000704c00000, 0x0000000704c00000, 0x0000000704d00000|  0%| F|  |TAMS 0x0000000704c00000, 0x0000000704c00000| Untracked 
|  61|0x0000000704d00000, 0x0000000704d00000, 0x0000000704e00000|  0%| F|  |TAMS 0x0000000704d00000, 0x0000000704d00000| Untracked 
|  62|0x0000000704e00000, 0x0000000704e00000, 0x0000000704f00000|  0%| F|  |TAMS 0x0000000704e00000, 0x0000000704e00000| Untracked 
|  63|0x0000000704f00000, 0x0000000704f00000, 0x0000000705000000|  0%| F|  |TAMS 0x0000000704f00000, 0x0000000704f00000| Untracked 
|  64|0x0000000705000000, 0x0000000705000000, 0x0000000705100000|  0%| F|  |TAMS 0x0000000705000000, 0x0000000705000000| Untracked 
|  65|0x0000000705100000, 0x0000000705100000, 0x0000000705200000|  0%| F|  |TAMS 0x0000000705100000, 0x0000000705100000| Untracked 
|  66|0x0000000705200000, 0x0000000705200000, 0x0000000705300000|  0%| F|  |TAMS 0x0000000705200000, 0x0000000705200000| Untracked 
|  67|0x0000000705300000, 0x0000000705300000, 0x0000000705400000|  0%| F|  |TAMS 0x0000000705300000, 0x0000000705300000| Untracked 
|  68|0x0000000705400000, 0x0000000705400000, 0x0000000705500000|  0%| F|  |TAMS 0x0000000705400000, 0x0000000705400000| Untracked 
|  69|0x0000000705500000, 0x0000000705500000, 0x0000000705600000|  0%| F|  |TAMS 0x0000000705500000, 0x0000000705500000| Untracked 
|  70|0x0000000705600000, 0x0000000705600000, 0x0000000705700000|  0%| F|  |TAMS 0x0000000705600000, 0x0000000705600000| Untracked 
|  71|0x0000000705700000, 0x0000000705700000, 0x0000000705800000|  0%| F|  |TAMS 0x0000000705700000, 0x0000000705700000| Untracked 
|  72|0x0000000705800000, 0x0000000705800000, 0x0000000705900000|  0%| F|  |TAMS 0x0000000705800000, 0x0000000705800000| Untracked 
|  73|0x0000000705900000, 0x0000000705900000, 0x0000000705a00000|  0%| F|  |TAMS 0x0000000705900000, 0x0000000705900000| Untracked 
|  74|0x0000000705a00000, 0x0000000705a00000, 0x0000000705b00000|  0%| F|  |TAMS 0x0000000705a00000, 0x0000000705a00000| Untracked 
|  75|0x0000000705b00000, 0x0000000705b00000, 0x0000000705c00000|  0%| F|  |TAMS 0x0000000705b00000, 0x0000000705b00000| Untracked 
|  76|0x0000000705c00000, 0x0000000705c00000, 0x0000000705d00000|  0%| F|  |TAMS 0x0000000705c00000, 0x0000000705c00000| Untracked 
|  77|0x0000000705d00000, 0x0000000705d00000, 0x0000000705e00000|  0%| F|  |TAMS 0x0000000705d00000, 0x0000000705d00000| Untracked 
|  78|0x0000000705e00000, 0x0000000705e00000, 0x0000000705f00000|  0%| F|  |TAMS 0x0000000705e00000, 0x0000000705e00000| Untracked 
|  79|0x0000000705f00000, 0x0000000705f00000, 0x0000000706000000|  0%| F|  |TAMS 0x0000000705f00000, 0x0000000705f00000| Untracked 
|  80|0x0000000706000000, 0x0000000706000000, 0x0000000706100000|  0%| F|  |TAMS 0x0000000706000000, 0x0000000706000000| Untracked 
|  81|0x0000000706100000, 0x0000000706100000, 0x0000000706200000|  0%| F|  |TAMS 0x0000000706100000, 0x0000000706100000| Untracked 
|  82|0x0000000706200000, 0x0000000706200000, 0x0000000706300000|  0%| F|  |TAMS 0x0000000706200000, 0x0000000706200000| Untracked 
|  83|0x0000000706300000, 0x0000000706300000, 0x0000000706400000|  0%| F|  |TAMS 0x0000000706300000, 0x0000000706300000| Untracked 
|  84|0x0000000706400000, 0x0000000706400000, 0x0000000706500000|  0%| F|  |TAMS 0x0000000706400000, 0x0000000706400000| Untracked 
|  85|0x0000000706500000, 0x0000000706500000, 0x0000000706600000|  0%| F|  |TAMS 0x0000000706500000, 0x0000000706500000| Untracked 
|  86|0x0000000706600000, 0x0000000706600000, 0x0000000706700000|  0%| F|  |TAMS 0x0000000706600000, 0x0000000706600000| Untracked 
|  87|0x0000000706700000, 0x0000000706700000, 0x0000000706800000|  0%| F|  |TAMS 0x0000000706700000, 0x0000000706700000| Untracked 
|  88|0x0000000706800000, 0x0000000706800000, 0x0000000706900000|  0%| F|  |TAMS 0x0000000706800000, 0x0000000706800000| Untracked 
|  89|0x0000000706900000, 0x0000000706900000, 0x0000000706a00000|  0%| F|  |TAMS 0x0000000706900000, 0x0000000706900000| Untracked 
|  90|0x0000000706a00000, 0x0000000706a00000, 0x0000000706b00000|  0%| F|  |TAMS 0x0000000706a00000, 0x0000000706a00000| Untracked 
|  91|0x0000000706b00000, 0x0000000706b00000, 0x0000000706c00000|  0%| F|  |TAMS 0x0000000706b00000, 0x0000000706b00000| Untracked 
|  92|0x0000000706c00000, 0x0000000706c00000, 0x0000000706d00000|  0%| F|  |TAMS 0x0000000706c00000, 0x0000000706c00000| Untracked 
|  93|0x0000000706d00000, 0x0000000706d00000, 0x0000000706e00000|  0%| F|  |TAMS 0x0000000706d00000, 0x0000000706d00000| Untracked 
|  94|0x0000000706e00000, 0x0000000706e00000, 0x0000000706f00000|  0%| F|  |TAMS 0x0000000706e00000, 0x0000000706e00000| Untracked 
|  95|0x0000000706f00000, 0x0000000706f00000, 0x0000000707000000|  0%| F|  |TAMS 0x0000000706f00000, 0x0000000706f00000| Untracked 
|  96|0x0000000707000000, 0x0000000707000000, 0x0000000707100000|  0%| F|  |TAMS 0x0000000707000000, 0x0000000707000000| Untracked 
|  97|0x0000000707100000, 0x0000000707100000, 0x0000000707200000|  0%| F|  |TAMS 0x0000000707100000, 0x0000000707100000| Untracked 
|  98|0x0000000707200000, 0x0000000707200000, 0x0000000707300000|  0%| F|  |TAMS 0x0000000707200000, 0x0000000707200000| Untracked 
|  99|0x0000000707300000, 0x0000000707300000, 0x0000000707400000|  0%| F|  |TAMS 0x0000000707300000, 0x0000000707300000| Untracked 
| 100|0x0000000707400000, 0x0000000707400000, 0x0000000707500000|  0%| F|  |TAMS 0x0000000707400000, 0x0000000707400000| Untracked 
| 101|0x0000000707500000, 0x0000000707500000, 0x0000000707600000|  0%| F|  |TAMS 0x0000000707500000, 0x0000000707500000| Untracked 
| 102|0x0000000707600000, 0x0000000707600000, 0x0000000707700000|  0%| F|  |TAMS 0x0000000707600000, 0x0000000707600000| Untracked 
| 103|0x0000000707700000, 0x0000000707700000, 0x0000000707800000|  0%| F|  |TAMS 0x0000000707700000, 0x0000000707700000| Untracked 
| 104|0x0000000707800000, 0x0000000707800000, 0x0000000707900000|  0%| F|  |TAMS 0x0000000707800000, 0x0000000707800000| Untracked 
| 105|0x0000000707900000, 0x0000000707900000, 0x0000000707a00000|  0%| F|  |TAMS 0x0000000707900000, 0x0000000707900000| Untracked 
| 106|0x0000000707a00000, 0x0000000707a00000, 0x0000000707b00000|  0%| F|  |TAMS 0x0000000707a00000, 0x0000000707a00000| Untracked 
| 107|0x0000000707b00000, 0x0000000707b00000, 0x0000000707c00000|  0%| F|  |TAMS 0x0000000707b00000, 0x0000000707b00000| Untracked 
| 108|0x0000000707c00000, 0x0000000707c00000, 0x0000000707d00000|  0%| F|  |TAMS 0x0000000707c00000, 0x0000000707c00000| Untracked 
| 109|0x0000000707d00000, 0x0000000707d00000, 0x0000000707e00000|  0%| F|  |TAMS 0x0000000707d00000, 0x0000000707d00000| Untracked 
| 110|0x0000000707e00000, 0x0000000707e00000, 0x0000000707f00000|  0%| F|  |TAMS 0x0000000707e00000, 0x0000000707e00000| Untracked 
| 111|0x0000000707f00000, 0x0000000707f00000, 0x0000000708000000|  0%| F|  |TAMS 0x0000000707f00000, 0x0000000707f00000| Untracked 
| 112|0x0000000708000000, 0x0000000708000000, 0x0000000708100000|  0%| F|  |TAMS 0x0000000708000000, 0x0000000708000000| Untracked 
| 113|0x0000000708100000, 0x0000000708100000, 0x0000000708200000|  0%| F|  |TAMS 0x0000000708100000, 0x0000000708100000| Untracked 
| 114|0x0000000708200000, 0x0000000708200000, 0x0000000708300000|  0%| F|  |TAMS 0x0000000708200000, 0x0000000708200000| Untracked 
| 115|0x0000000708300000, 0x0000000708300000, 0x0000000708400000|  0%| F|  |TAMS 0x0000000708300000, 0x0000000708300000| Untracked 
| 116|0x0000000708400000, 0x0000000708400000, 0x0000000708500000|  0%| F|  |TAMS 0x0000000708400000, 0x0000000708400000| Untracked 
| 117|0x0000000708500000, 0x0000000708500000, 0x0000000708600000|  0%| F|  |TAMS 0x0000000708500000, 0x0000000708500000| Untracked 
| 118|0x0000000708600000, 0x0000000708600000, 0x0000000708700000|  0%| F|  |TAMS 0x0000000708600000, 0x0000000708600000| Untracked 
| 119|0x0000000708700000, 0x0000000708700000, 0x0000000708800000|  0%| F|  |TAMS 0x0000000708700000, 0x0000000708700000| Untracked 
| 120|0x0000000708800000, 0x0000000708800000, 0x0000000708900000|  0%| F|  |TAMS 0x0000000708800000, 0x0000000708800000| Untracked 
| 121|0x0000000708900000, 0x0000000708900000, 0x0000000708a00000|  0%| F|  |TAMS 0x0000000708900000, 0x0000000708900000| Untracked 
| 122|0x0000000708a00000, 0x0000000708a00000, 0x0000000708b00000|  0%| F|  |TAMS 0x0000000708a00000, 0x0000000708a00000| Untracked 
| 123|0x0000000708b00000, 0x0000000708b00000, 0x0000000708c00000|  0%| F|  |TAMS 0x0000000708b00000, 0x0000000708b00000| Untracked 
| 124|0x0000000708c00000, 0x0000000708c00000, 0x0000000708d00000|  0%| F|  |TAMS 0x0000000708c00000, 0x0000000708c00000| Untracked 
| 125|0x0000000708d00000, 0x0000000708d00000, 0x0000000708e00000|  0%| F|  |TAMS 0x0000000708d00000, 0x0000000708d00000| Untracked 
| 126|0x0000000708e00000, 0x0000000708e00000, 0x0000000708f00000|  0%| F|  |TAMS 0x0000000708e00000, 0x0000000708e00000| Untracked 
| 127|0x0000000708f00000, 0x0000000708f00000, 0x0000000709000000|  0%| F|  |TAMS 0x0000000708f00000, 0x0000000708f00000| Untracked 
| 128|0x0000000709000000, 0x0000000709000000, 0x0000000709100000|  0%| F|  |TAMS 0x0000000709000000, 0x0000000709000000| Untracked 
| 129|0x0000000709100000, 0x0000000709100000, 0x0000000709200000|  0%| F|  |TAMS 0x0000000709100000, 0x0000000709100000| Untracked 
| 130|0x0000000709200000, 0x0000000709200000, 0x0000000709300000|  0%| F|  |TAMS 0x0000000709200000, 0x0000000709200000| Untracked 
| 131|0x0000000709300000, 0x0000000709300000, 0x0000000709400000|  0%| F|  |TAMS 0x0000000709300000, 0x0000000709300000| Untracked 
| 132|0x0000000709400000, 0x0000000709400000, 0x0000000709500000|  0%| F|  |TAMS 0x0000000709400000, 0x0000000709400000| Untracked 
| 133|0x0000000709500000, 0x0000000709500000, 0x0000000709600000|  0%| F|  |TAMS 0x0000000709500000, 0x0000000709500000| Untracked 
| 134|0x0000000709600000, 0x0000000709600000, 0x0000000709700000|  0%| F|  |TAMS 0x0000000709600000, 0x0000000709600000| Untracked 
| 135|0x0000000709700000, 0x0000000709700000, 0x0000000709800000|  0%| F|  |TAMS 0x0000000709700000, 0x0000000709700000| Untracked 
| 136|0x0000000709800000, 0x0000000709800000, 0x0000000709900000|  0%| F|  |TAMS 0x0000000709800000, 0x0000000709800000| Untracked 
| 137|0x0000000709900000, 0x0000000709900000, 0x0000000709a00000|  0%| F|  |TAMS 0x0000000709900000, 0x0000000709900000| Untracked 
| 138|0x0000000709a00000, 0x0000000709a00000, 0x0000000709b00000|  0%| F|  |TAMS 0x0000000709a00000, 0x0000000709a00000| Untracked 
| 139|0x0000000709b00000, 0x0000000709b00000, 0x0000000709c00000|  0%| F|  |TAMS 0x0000000709b00000, 0x0000000709b00000| Untracked 
| 140|0x0000000709c00000, 0x0000000709c00000, 0x0000000709d00000|  0%| F|  |TAMS 0x0000000709c00000, 0x0000000709c00000| Untracked 
| 141|0x0000000709d00000, 0x0000000709d00000, 0x0000000709e00000|  0%| F|  |TAMS 0x0000000709d00000, 0x0000000709d00000| Untracked 
| 142|0x0000000709e00000, 0x0000000709e00000, 0x0000000709f00000|  0%| F|  |TAMS 0x0000000709e00000, 0x0000000709e00000| Untracked 
| 143|0x0000000709f00000, 0x0000000709f00000, 0x000000070a000000|  0%| F|  |TAMS 0x0000000709f00000, 0x0000000709f00000| Untracked 
| 144|0x000000070a000000, 0x000000070a000000, 0x000000070a100000|  0%| F|  |TAMS 0x000000070a000000, 0x000000070a000000| Untracked 
| 145|0x000000070a100000, 0x000000070a100000, 0x000000070a200000|  0%| F|  |TAMS 0x000000070a100000, 0x000000070a100000| Untracked 
| 146|0x000000070a200000, 0x000000070a200000, 0x000000070a300000|  0%| F|  |TAMS 0x000000070a200000, 0x000000070a200000| Untracked 
| 147|0x000000070a300000, 0x000000070a300000, 0x000000070a400000|  0%| F|  |TAMS 0x000000070a300000, 0x000000070a300000| Untracked 
| 148|0x000000070a400000, 0x000000070a400000, 0x000000070a500000|  0%| F|  |TAMS 0x000000070a400000, 0x000000070a400000| Untracked 
| 149|0x000000070a500000, 0x000000070a500000, 0x000000070a600000|  0%| F|  |TAMS 0x000000070a500000, 0x000000070a500000| Untracked 
| 150|0x000000070a600000, 0x000000070a600000, 0x000000070a700000|  0%| F|  |TAMS 0x000000070a600000, 0x000000070a600000| Untracked 
| 151|0x000000070a700000, 0x000000070a700000, 0x000000070a800000|  0%| F|  |TAMS 0x000000070a700000, 0x000000070a700000| Untracked 
| 152|0x000000070a800000, 0x000000070a800000, 0x000000070a900000|  0%| F|  |TAMS 0x000000070a800000, 0x000000070a800000| Untracked 
| 153|0x000000070a900000, 0x000000070a900000, 0x000000070aa00000|  0%| F|  |TAMS 0x000000070a900000, 0x000000070a900000| Untracked 
| 154|0x000000070aa00000, 0x000000070aa00000, 0x000000070ab00000|  0%| F|  |TAMS 0x000000070aa00000, 0x000000070aa00000| Untracked 
| 155|0x000000070ab00000, 0x000000070ab00000, 0x000000070ac00000|  0%| F|  |TAMS 0x000000070ab00000, 0x000000070ab00000| Untracked 
| 156|0x000000070ac00000, 0x000000070ac00000, 0x000000070ad00000|  0%| F|  |TAMS 0x000000070ac00000, 0x000000070ac00000| Untracked 
| 157|0x000000070ad00000, 0x000000070ad00000, 0x000000070ae00000|  0%| F|  |TAMS 0x000000070ad00000, 0x000000070ad00000| Untracked 
| 158|0x000000070ae00000, 0x000000070ae00000, 0x000000070af00000|  0%| F|  |TAMS 0x000000070ae00000, 0x000000070ae00000| Untracked 
| 159|0x000000070af00000, 0x000000070af00000, 0x000000070b000000|  0%| F|  |TAMS 0x000000070af00000, 0x000000070af00000| Untracked 
| 160|0x000000070b000000, 0x000000070b000000, 0x000000070b100000|  0%| F|  |TAMS 0x000000070b000000, 0x000000070b000000| Untracked 
| 161|0x000000070b100000, 0x000000070b100000, 0x000000070b200000|  0%| F|  |TAMS 0x000000070b100000, 0x000000070b100000| Untracked 
| 162|0x000000070b200000, 0x000000070b200000, 0x000000070b300000|  0%| F|  |TAMS 0x000000070b200000, 0x000000070b200000| Untracked 
| 163|0x000000070b300000, 0x000000070b300000, 0x000000070b400000|  0%| F|  |TAMS 0x000000070b300000, 0x000000070b300000| Untracked 
| 164|0x000000070b400000, 0x000000070b400000, 0x000000070b500000|  0%| F|  |TAMS 0x000000070b400000, 0x000000070b400000| Untracked 
| 165|0x000000070b500000, 0x000000070b500000, 0x000000070b600000|  0%| F|  |TAMS 0x000000070b500000, 0x000000070b500000| Untracked 
| 166|0x000000070b600000, 0x000000070b600000, 0x000000070b700000|  0%| F|  |TAMS 0x000000070b600000, 0x000000070b600000| Untracked 
| 167|0x000000070b700000, 0x000000070b700000, 0x000000070b800000|  0%| F|  |TAMS 0x000000070b700000, 0x000000070b700000| Untracked 
| 168|0x000000070b800000, 0x000000070b800000, 0x000000070b900000|  0%| F|  |TAMS 0x000000070b800000, 0x000000070b800000| Untracked 
| 169|0x000000070b900000, 0x000000070b900000, 0x000000070ba00000|  0%| F|  |TAMS 0x000000070b900000, 0x000000070b900000| Untracked 
| 170|0x000000070ba00000, 0x000000070ba00000, 0x000000070bb00000|  0%| F|  |TAMS 0x000000070ba00000, 0x000000070ba00000| Untracked 
| 171|0x000000070bb00000, 0x000000070bb00000, 0x000000070bc00000|  0%| F|  |TAMS 0x000000070bb00000, 0x000000070bb00000| Untracked 
| 172|0x000000070bc00000, 0x000000070bc00000, 0x000000070bd00000|  0%| F|  |TAMS 0x000000070bc00000, 0x000000070bc00000| Untracked 
| 173|0x000000070bd00000, 0x000000070bd00000, 0x000000070be00000|  0%| F|  |TAMS 0x000000070bd00000, 0x000000070bd00000| Untracked 
| 174|0x000000070be00000, 0x000000070be00000, 0x000000070bf00000|  0%| F|  |TAMS 0x000000070be00000, 0x000000070be00000| Untracked 
| 175|0x000000070bf00000, 0x000000070bf00000, 0x000000070c000000|  0%| F|  |TAMS 0x000000070bf00000, 0x000000070bf00000| Untracked 
| 176|0x000000070c000000, 0x000000070c000000, 0x000000070c100000|  0%| F|  |TAMS 0x000000070c000000, 0x000000070c000000| Untracked 
| 177|0x000000070c100000, 0x000000070c100000, 0x000000070c200000|  0%| F|  |TAMS 0x000000070c100000, 0x000000070c100000| Untracked 
| 178|0x000000070c200000, 0x000000070c200000, 0x000000070c300000|  0%| F|  |TAMS 0x000000070c200000, 0x000000070c200000| Untracked 
| 179|0x000000070c300000, 0x000000070c300000, 0x000000070c400000|  0%| F|  |TAMS 0x000000070c300000, 0x000000070c300000| Untracked 
| 180|0x000000070c400000, 0x000000070c400000, 0x000000070c500000|  0%| F|  |TAMS 0x000000070c400000, 0x000000070c400000| Untracked 
| 181|0x000000070c500000, 0x000000070c500000, 0x000000070c600000|  0%| F|  |TAMS 0x000000070c500000, 0x000000070c500000| Untracked 
| 182|0x000000070c600000, 0x000000070c600000, 0x000000070c700000|  0%| F|  |TAMS 0x000000070c600000, 0x000000070c600000| Untracked 
| 183|0x000000070c700000, 0x000000070c700000, 0x000000070c800000|  0%| F|  |TAMS 0x000000070c700000, 0x000000070c700000| Untracked 
| 184|0x000000070c800000, 0x000000070c800000, 0x000000070c900000|  0%| F|  |TAMS 0x000000070c800000, 0x000000070c800000| Untracked 
| 185|0x000000070c900000, 0x000000070c900000, 0x000000070ca00000|  0%| F|  |TAMS 0x000000070c900000, 0x000000070c900000| Untracked 
| 186|0x000000070ca00000, 0x000000070ca00000, 0x000000070cb00000|  0%| F|  |TAMS 0x000000070ca00000, 0x000000070ca00000| Untracked 
| 187|0x000000070cb00000, 0x000000070cb00000, 0x000000070cc00000|  0%| F|  |TAMS 0x000000070cb00000, 0x000000070cb00000| Untracked 
| 188|0x000000070cc00000, 0x000000070cc00000, 0x000000070cd00000|  0%| F|  |TAMS 0x000000070cc00000, 0x000000070cc00000| Untracked 
| 189|0x000000070cd00000, 0x000000070cd00000, 0x000000070ce00000|  0%| F|  |TAMS 0x000000070cd00000, 0x000000070cd00000| Untracked 
| 190|0x000000070ce00000, 0x000000070ce00000, 0x000000070cf00000|  0%| F|  |TAMS 0x000000070ce00000, 0x000000070ce00000| Untracked 
| 191|0x000000070cf00000, 0x000000070cf00000, 0x000000070d000000|  0%| F|  |TAMS 0x000000070cf00000, 0x000000070cf00000| Untracked 
| 192|0x000000070d000000, 0x000000070d000000, 0x000000070d100000|  0%| F|  |TAMS 0x000000070d000000, 0x000000070d000000| Untracked 
| 193|0x000000070d100000, 0x000000070d100000, 0x000000070d200000|  0%| F|  |TAMS 0x000000070d100000, 0x000000070d100000| Untracked 
| 194|0x000000070d200000, 0x000000070d200000, 0x000000070d300000|  0%| F|  |TAMS 0x000000070d200000, 0x000000070d200000| Untracked 
| 195|0x000000070d300000, 0x000000070d300000, 0x000000070d400000|  0%| F|  |TAMS 0x000000070d300000, 0x000000070d300000| Untracked 
| 196|0x000000070d400000, 0x000000070d400000, 0x000000070d500000|  0%| F|  |TAMS 0x000000070d400000, 0x000000070d400000| Untracked 
| 197|0x000000070d500000, 0x000000070d500000, 0x000000070d600000|  0%| F|  |TAMS 0x000000070d500000, 0x000000070d500000| Untracked 
| 198|0x000000070d600000, 0x000000070d600000, 0x000000070d700000|  0%| F|  |TAMS 0x000000070d600000, 0x000000070d600000| Untracked 
| 199|0x000000070d700000, 0x000000070d700000, 0x000000070d800000|  0%| F|  |TAMS 0x000000070d700000, 0x000000070d700000| Untracked 
| 200|0x000000070d800000, 0x000000070d800000, 0x000000070d900000|  0%| F|  |TAMS 0x000000070d800000, 0x000000070d800000| Untracked 
| 201|0x000000070d900000, 0x000000070d900000, 0x000000070da00000|  0%| F|  |TAMS 0x000000070d900000, 0x000000070d900000| Untracked 
| 202|0x000000070da00000, 0x000000070da00000, 0x000000070db00000|  0%| F|  |TAMS 0x000000070da00000, 0x000000070da00000| Untracked 
| 203|0x000000070db00000, 0x000000070db00000, 0x000000070dc00000|  0%| F|  |TAMS 0x000000070db00000, 0x000000070db00000| Untracked 
| 204|0x000000070dc00000, 0x000000070dc00000, 0x000000070dd00000|  0%| F|  |TAMS 0x000000070dc00000, 0x000000070dc00000| Untracked 
| 205|0x000000070dd00000, 0x000000070dd00000, 0x000000070de00000|  0%| F|  |TAMS 0x000000070dd00000, 0x000000070dd00000| Untracked 
| 206|0x000000070de00000, 0x000000070de00000, 0x000000070df00000|  0%| F|  |TAMS 0x000000070de00000, 0x000000070de00000| Untracked 
| 207|0x000000070df00000, 0x000000070df00000, 0x000000070e000000|  0%| F|  |TAMS 0x000000070df00000, 0x000000070df00000| Untracked 
| 208|0x000000070e000000, 0x000000070e000000, 0x000000070e100000|  0%| F|  |TAMS 0x000000070e000000, 0x000000070e000000| Untracked 
| 209|0x000000070e100000, 0x000000070e100000, 0x000000070e200000|  0%| F|  |TAMS 0x000000070e100000, 0x000000070e100000| Untracked 
| 210|0x000000070e200000, 0x000000070e200000, 0x000000070e300000|  0%| F|  |TAMS 0x000000070e200000, 0x000000070e200000| Untracked 
| 211|0x000000070e300000, 0x000000070e300000, 0x000000070e400000|  0%| F|  |TAMS 0x000000070e300000, 0x000000070e300000| Untracked 
| 212|0x000000070e400000, 0x000000070e400000, 0x000000070e500000|  0%| F|  |TAMS 0x000000070e400000, 0x000000070e400000| Untracked 
| 213|0x000000070e500000, 0x000000070e500000, 0x000000070e600000|  0%| F|  |TAMS 0x000000070e500000, 0x000000070e500000| Untracked 
| 214|0x000000070e600000, 0x000000070e600000, 0x000000070e700000|  0%| F|  |TAMS 0x000000070e600000, 0x000000070e600000| Untracked 
| 215|0x000000070e700000, 0x000000070e700000, 0x000000070e800000|  0%| F|  |TAMS 0x000000070e700000, 0x000000070e700000| Untracked 
| 216|0x000000070e800000, 0x000000070e800000, 0x000000070e900000|  0%| F|  |TAMS 0x000000070e800000, 0x000000070e800000| Untracked 
| 217|0x000000070e900000, 0x000000070e900000, 0x000000070ea00000|  0%| F|  |TAMS 0x000000070e900000, 0x000000070e900000| Untracked 
| 218|0x000000070ea00000, 0x000000070ea00000, 0x000000070eb00000|  0%| F|  |TAMS 0x000000070ea00000, 0x000000070ea00000| Untracked 
| 219|0x000000070eb00000, 0x000000070eb00000, 0x000000070ec00000|  0%| F|  |TAMS 0x000000070eb00000, 0x000000070eb00000| Untracked 
| 220|0x000000070ec00000, 0x000000070ec00000, 0x000000070ed00000|  0%| F|  |TAMS 0x000000070ec00000, 0x000000070ec00000| Untracked 
| 221|0x000000070ed00000, 0x000000070ed00000, 0x000000070ee00000|  0%| F|  |TAMS 0x000000070ed00000, 0x000000070ed00000| Untracked 
| 222|0x000000070ee00000, 0x000000070ee00000, 0x000000070ef00000|  0%| F|  |TAMS 0x000000070ee00000, 0x000000070ee00000| Untracked 
| 223|0x000000070ef00000, 0x000000070ef00000, 0x000000070f000000|  0%| F|  |TAMS 0x000000070ef00000, 0x000000070ef00000| Untracked 
| 224|0x000000070f000000, 0x000000070f000000, 0x000000070f100000|  0%| F|  |TAMS 0x000000070f000000, 0x000000070f000000| Untracked 
| 225|0x000000070f100000, 0x000000070f100000, 0x000000070f200000|  0%| F|  |TAMS 0x000000070f100000, 0x000000070f100000| Untracked 
| 226|0x000000070f200000, 0x000000070f200000, 0x000000070f300000|  0%| F|  |TAMS 0x000000070f200000, 0x000000070f200000| Untracked 
| 227|0x000000070f300000, 0x000000070f300000, 0x000000070f400000|  0%| F|  |TAMS 0x000000070f300000, 0x000000070f300000| Untracked 
| 228|0x000000070f400000, 0x000000070f400000, 0x000000070f500000|  0%| F|  |TAMS 0x000000070f400000, 0x000000070f400000| Untracked 
| 229|0x000000070f500000, 0x000000070f500000, 0x000000070f600000|  0%| F|  |TAMS 0x000000070f500000, 0x000000070f500000| Untracked 
| 230|0x000000070f600000, 0x000000070f600000, 0x000000070f700000|  0%| F|  |TAMS 0x000000070f600000, 0x000000070f600000| Untracked 
| 231|0x000000070f700000, 0x000000070f700000, 0x000000070f800000|  0%| F|  |TAMS 0x000000070f700000, 0x000000070f700000| Untracked 
| 232|0x000000070f800000, 0x000000070f800000, 0x000000070f900000|  0%| F|  |TAMS 0x000000070f800000, 0x000000070f800000| Untracked 
| 233|0x000000070f900000, 0x000000070f900000, 0x000000070fa00000|  0%| F|  |TAMS 0x000000070f900000, 0x000000070f900000| Untracked 
| 234|0x000000070fa00000, 0x000000070fa00000, 0x000000070fb00000|  0%| F|  |TAMS 0x000000070fa00000, 0x000000070fa00000| Untracked 
| 235|0x000000070fb00000, 0x000000070fb00000, 0x000000070fc00000|  0%| F|  |TAMS 0x000000070fb00000, 0x000000070fb00000| Untracked 
| 236|0x000000070fc00000, 0x000000070fc00000, 0x000000070fd00000|  0%| F|  |TAMS 0x000000070fc00000, 0x000000070fc00000| Untracked 
| 237|0x000000070fd00000, 0x000000070fd71270, 0x000000070fe00000| 44%| E|  |TAMS 0x000000070fd00000, 0x000000070fd00000| Complete 
| 238|0x000000070fe00000, 0x000000070ff00000, 0x000000070ff00000|100%| E|CS|TAMS 0x000000070fe00000, 0x000000070fe00000| Complete 
| 239|0x000000070ff00000, 0x0000000710000000, 0x0000000710000000|100%| E|CS|TAMS 0x000000070ff00000, 0x000000070ff00000| Complete 
| 240|0x0000000710000000, 0x0000000710100000, 0x0000000710100000|100%| E|CS|TAMS 0x0000000710000000, 0x0000000710000000| Complete 
| 241|0x0000000710100000, 0x0000000710200000, 0x0000000710200000|100%| E|CS|TAMS 0x0000000710100000, 0x0000000710100000| Complete 
| 242|0x0000000710200000, 0x0000000710300000, 0x0000000710300000|100%| E|CS|TAMS 0x0000000710200000, 0x0000000710200000| Complete 
| 243|0x0000000710300000, 0x0000000710400000, 0x0000000710400000|100%| E|CS|TAMS 0x0000000710300000, 0x0000000710300000| Complete 
| 244|0x0000000710400000, 0x0000000710500000, 0x0000000710500000|100%| E|CS|TAMS 0x0000000710400000, 0x0000000710400000| Complete 
| 245|0x0000000710500000, 0x0000000710600000, 0x0000000710600000|100%| E|CS|TAMS 0x0000000710500000, 0x0000000710500000| Complete 
| 246|0x0000000710600000, 0x0000000710700000, 0x0000000710700000|100%| E|CS|TAMS 0x0000000710600000, 0x0000000710600000| Complete 
| 247|0x0000000710700000, 0x0000000710800000, 0x0000000710800000|100%| E|CS|TAMS 0x0000000710700000, 0x0000000710700000| Complete 
| 248|0x0000000710800000, 0x0000000710900000, 0x0000000710900000|100%| E|CS|TAMS 0x0000000710800000, 0x0000000710800000| Complete 
| 249|0x0000000710900000, 0x0000000710a00000, 0x0000000710a00000|100%| E|CS|TAMS 0x0000000710900000, 0x0000000710900000| Complete 
| 250|0x0000000710a00000, 0x0000000710b00000, 0x0000000710b00000|100%| E|CS|TAMS 0x0000000710a00000, 0x0000000710a00000| Complete 
| 251|0x0000000710b00000, 0x0000000710c00000, 0x0000000710c00000|100%| E|CS|TAMS 0x0000000710b00000, 0x0000000710b00000| Complete 
| 252|0x0000000710c00000, 0x0000000710d00000, 0x0000000710d00000|100%| E|CS|TAMS 0x0000000710c00000, 0x0000000710c00000| Complete 
| 253|0x0000000710d00000, 0x0000000710e00000, 0x0000000710e00000|100%| E|CS|TAMS 0x0000000710d00000, 0x0000000710d00000| Complete 
| 254|0x0000000710e00000, 0x0000000710f00000, 0x0000000710f00000|100%| E|CS|TAMS 0x0000000710e00000, 0x0000000710e00000| Complete 
| 255|0x0000000710f00000, 0x0000000711000000, 0x0000000711000000|100%| E|CS|TAMS 0x0000000710f00000, 0x0000000710f00000| Complete 

Card table byte_map: [0x000001c09dd40000,0x000001c09e540000] _byte_map_base: 0x000001c09a538000

Marking Bits (Prev, Next): (CMBitMap*) 0x000001c0856db418, (CMBitMap*) 0x000001c0856db450
 Prev Bits: [0x000001c09ed40000, 0x000001c0a2d00000)
 Next Bits: [0x000001c0a2d00000, 0x000001c0a6cc0000)

Polling page: 0x000001c083d90000

Metaspace:

Usage:
  Non-class:     12.61 MB capacity,    12.40 MB ( 98%) used,   167.70 KB (  1%) free+waste,    45.44 KB ( <1%) overhead. 
      Class:      1.68 MB capacity,     1.49 MB ( 89%) used,   168.54 KB ( 10%) free+waste,    25.00 KB (  1%) overhead. 
       Both:     14.29 MB capacity,    13.89 MB ( 97%) used,   336.24 KB (  2%) free+waste,    70.44 KB ( <1%) overhead. 

Virtual space:
  Non-class space:       14.00 MB reserved,      12.75 MB ( 91%) committed 
      Class space:        1.00 GB reserved,       1.75 MB ( <1%) committed 
             Both:        1.01 GB reserved,      14.50 MB (  1%) committed 

Chunk freelists:
   Non-Class:  18.00 KB
       Class:  7.00 KB
        Both:  25.00 KB

MaxMetaspaceSize: 17179869184.00 GB
CompressedClassSpaceSize: 1.00 GB

CodeHeap 'non-profiled nmethods': size=120064Kb used=528Kb max_used=528Kb free=119535Kb
 bounds [0x000001c0957b0000, 0x000001c095a20000, 0x000001c09ccf0000]
CodeHeap 'profiled nmethods': size=120000Kb used=2296Kb max_used=2296Kb free=117704Kb
 bounds [0x000001c08e280000, 0x000001c08e4f0000, 0x000001c0957b0000]
CodeHeap 'non-nmethods': size=5696Kb used=1211Kb max_used=1241Kb free=4484Kb
 bounds [0x000001c08dcf0000, 0x000001c08df60000, 0x000001c08e280000]
 total_blobs=2438 nmethods=1302 adapters=479
 compilation: enabled
              stopped_count=0, restarted_count=0
 full_count=0

Compilation events (20 events):
Event: 0.653 Thread 0x000001c0a9f17000 1290       1       sun.java2d.loops.CompositeType::getUniqueID (5 bytes)
Event: 0.653 Thread 0x000001c0a9f17000 nmethod 1290 0x000001c095822890 code [0x000001c095822a40, 0x000001c095822b58]
Event: 0.653 Thread 0x000001c0a9f17000 1291  s    2       sun.java2d.loops.GraphicsPrimitive::makeUniqueID (26 bytes)
Event: 0.653 Thread 0x000001c0a9f17000 nmethod 1291 0x000001c08e4ba710 code [0x000001c08e4ba8c0, 0x000001c08e4babb8]
Event: 0.653 Thread 0x000001c0a9f17000 1292       2       sun.java2d.loops.GraphicsPrimitive::<init> (75 bytes)
Event: 0.654 Thread 0x000001c0a9f17000 nmethod 1292 0x000001c08e4bad10 code [0x000001c08e4baee0, 0x000001c08e4bb418]
Event: 0.656 Thread 0x000001c0a9f17000 1293       2       java.util.concurrent.ConcurrentHashMap$BaseIterator::hasNext (13 bytes)
Event: 0.656 Thread 0x000001c0a9f17000 nmethod 1293 0x000001c08e4bb610 code [0x000001c08e4bb7c0, 0x000001c08e4bb938]
Event: 0.656 Thread 0x000001c0a9f17000 1294       2       sun.awt.AWTAccessor::getComponentAccessor (18 bytes)
Event: 0.657 Thread 0x000001c0a9f17000 nmethod 1294 0x000001c08e4bba10 code [0x000001c08e4bbbc0, 0x000001c08e4bbd50]
Event: 0.660 Thread 0x000001c0a9f17000 1296       2       java.lang.StringLatin1::replace (196 bytes)
Event: 0.660 Thread 0x000001c0a9f17000 nmethod 1296 0x000001c08e4bbe10 code [0x000001c08e4bc020, 0x000001c08e4bc760]
Event: 0.661 Thread 0x000001c0a9f17000 1297       2       java.lang.invoke.InvokerBytecodeGenerator::emitStoreInsn (21 bytes)
Event: 0.661 Thread 0x000001c0a9f17000 nmethod 1297 0x000001c08e4bca90 code [0x000001c08e4bcc60, 0x000001c08e4bce60]
Event: 0.661 Thread 0x000001c0a9f17000 1298       2       jdk.internal.org.objectweb.asm.ClassWriter::visitSource (36 bytes)
Event: 0.661 Thread 0x000001c0a9f17000 nmethod 1298 0x000001c08e4bcf90 code [0x000001c08e4bd160, 0x000001c08e4bd520]
Event: 0.661 Thread 0x000001c0a9f17000 1299       2       java.lang.invoke.LambdaFormBuffer::insertName (106 bytes)
Event: 0.661 Thread 0x000001c0a9f17000 nmethod 1299 0x000001c08e4bd690 code [0x000001c08e4bd860, 0x000001c08e4bda60]
Event: 0.662 Thread 0x000001c0a9f17000 1300       2       jdk.internal.misc.Unsafe::ensureClassInitialized (18 bytes)
Event: 0.662 Thread 0x000001c0a9f17000 nmethod 1300 0x000001c08e4bdb10 code [0x000001c08e4bdce0, 0x000001c08e4bdf20]

GC Heap History (0 events):
No events

Deoptimization events (20 events):
Event: 0.633 Thread 0x000001c085671000 Uncommon trap: trap_request=0xffffffde fr.pc=0x000001c095817d10 relative=0x0000000000000650
Event: 0.633 Thread 0x000001c085671000 Uncommon trap: reason=class_check action=maybe_recompile pc=0x000001c095817d10 method=java.util.HashMap.getNode(ILjava/lang/Object;)Ljava/util/HashMap$Node; @ 59 c2
Event: 0.633 Thread 0x000001c085671000 DEOPT PACKING pc=0x000001c095817d10 sp=0x000000b8f1efe250
Event: 0.633 Thread 0x000001c085671000 DEOPT UNPACKING pc=0x000001c08dd191af sp=0x000000b8f1efe148 mode 2
Event: 0.633 Thread 0x000001c085671000 Uncommon trap: trap_request=0xffffffde fr.pc=0x000001c09580ece8 relative=0x00000000000005a8
Event: 0.633 Thread 0x000001c085671000 Uncommon trap: reason=class_check action=maybe_recompile pc=0x000001c09580ece8 method=java.util.HashMap.getNode(ILjava/lang/Object;)Ljava/util/HashMap$Node; @ 59 c2
Event: 0.633 Thread 0x000001c085671000 DEOPT PACKING pc=0x000001c09580ece8 sp=0x000000b8f1efe170
Event: 0.633 Thread 0x000001c085671000 DEOPT UNPACKING pc=0x000001c08dd191af sp=0x000000b8f1efe100 mode 2
Event: 0.643 Thread 0x000001c0aa46e800 Uncommon trap: trap_request=0xffffffde fr.pc=0x000001c095812d70 relative=0x0000000000000ad0
Event: 0.643 Thread 0x000001c0aa46e800 Uncommon trap: reason=class_check action=maybe_recompile pc=0x000001c095812d70 method=java.util.HashMap.putVal(ILjava/lang/Object;Ljava/lang/Object;ZZ)Ljava/lang/Object; @ 91 c2
Event: 0.643 Thread 0x000001c0aa46e800 DEOPT PACKING pc=0x000001c095812d70 sp=0x000000b8f31fdfe0
Event: 0.643 Thread 0x000001c0aa46e800 DEOPT UNPACKING pc=0x000001c08dd191af sp=0x000000b8f31fdf00 mode 2
Event: 0.643 Thread 0x000001c0aa46e800 Uncommon trap: trap_request=0xffffffde fr.pc=0x000001c095812d70 relative=0x0000000000000ad0
Event: 0.643 Thread 0x000001c0aa46e800 Uncommon trap: reason=class_check action=maybe_recompile pc=0x000001c095812d70 method=java.util.HashMap.putVal(ILjava/lang/Object;Ljava/lang/Object;ZZ)Ljava/lang/Object; @ 91 c2
Event: 0.643 Thread 0x000001c0aa46e800 DEOPT PACKING pc=0x000001c095812d70 sp=0x000000b8f31fdfe0
Event: 0.643 Thread 0x000001c0aa46e800 DEOPT UNPACKING pc=0x000001c08dd191af sp=0x000000b8f31fdf00 mode 2
Event: 0.658 Thread 0x000001c085671000 Uncommon trap: trap_request=0xffffff4d fr.pc=0x000001c0957d830c relative=0x00000000000004cc
Event: 0.658 Thread 0x000001c085671000 Uncommon trap: reason=unstable_if action=reinterpret pc=0x000001c0957d830c method=java.lang.StringLatin1.replace([BCC)Ljava/lang/String; @ 19 c2
Event: 0.658 Thread 0x000001c085671000 DEOPT PACKING pc=0x000001c0957d830c sp=0x000000b8f1efb970
Event: 0.658 Thread 0x000001c085671000 DEOPT UNPACKING pc=0x000001c08dd191af sp=0x000000b8f1efb8e0 mode 2

Classes redefined (0 events):
No events

Internal exceptions (20 events):
Event: 0.211 Thread 0x000001c085671000 Exception <a 'java/lang/NoSuchMethodError'{0x0000000710b116e0}: 'java.lang.Object java.lang.invoke.DirectMethodHandle$Holder.invokeStatic(java.lang.Object, java.lang.Object, java.lang.Object, java.lang.Object, java.lang.Object, java.lang.Object, java.lang.Object, java.lang.Object, int)'> (0x0000000710b116e0) thrown at [./src/hotspot/share/interpreter/linkResolver.cpp, line 773]
Event: 0.212 Thread 0x000001c085671000 Exception <a 'java/lang/NoSuchMethodError'{0x0000000710b2b640}: 'java.lang.Object java.lang.invoke.DirectMethodHandle$Holder.invokeStatic(java.lang.Object, java.lang.Object, java.lang.Object, java.lang.Object, java.lang.Object, java.lang.Object, java.lang.Object, java.lang.Object, int, int)'> (0x0000000710b2b640) thrown at [./src/hotspot/share/interpreter/linkResolver.cpp, line 773]
Event: 0.425 Thread 0x000001c085671000 Exception <a 'java/lang/NoSuchMethodError'{0x0000000710a620d8}: 'java.lang.Object java.lang.invoke.DirectMethodHandle$Holder.invokeStatic(java.lang.Object, int, java.lang.Object, java.lang.Object, java.lang.Object, java.lang.Object)'> (0x0000000710a620d8) thrown at [./src/hotspot/share/interpreter/linkResolver.cpp, line 773]
Event: 0.426 Thread 0x000001c085671000 Exception <a 'java/lang/NoSuchMethodError'{0x0000000710a69198}: 'java.lang.Object java.lang.invoke.DirectMethodHandle$Holder.invokeStatic(java.lang.Object, int, java.lang.Object, java.lang.Object, java.lang.Object)'> (0x0000000710a69198) thrown at [./src/hotspot/share/interpreter/linkResolver.cpp, line 773]
Event: 0.426 Thread 0x000001c085671000 Exception <a 'java/lang/NoSuchMethodError'{0x0000000710a6cce0}: 'java.lang.Object java.lang.invoke.DirectMethodHandle$Holder.invokeSpecial(java.lang.Object, java.lang.Object, int, java.lang.Object, java.lang.Object, java.lang.Object)'> (0x0000000710a6cce0) thrown at [./src/hotspot/share/interpreter/linkResolver.cpp, line 773]
Event: 0.428 Thread 0x000001c085671000 Exception <a 'java/lang/NoSuchMethodError'{0x0000000710a848c0}: 'java.lang.Object java.lang.invoke.DirectMethodHandle$Holder.invokeStatic(java.lang.Object, int, java.lang.Object)'> (0x0000000710a848c0) thrown at [./src/hotspot/share/interpreter/linkResolver.cpp, line 773]
Event: 0.440 Thread 0x000001c085671000 Exception <a 'java/lang/ClassNotFoundException'{0x000000071092f688}: com/sun/swing/internal/plaf/metal/resources/spi/metalProvider> (0x000000071092f688) thrown at [./src/hotspot/share/classfile/systemDictionary.cpp, line 231]
Event: 0.441 Thread 0x000001c085671000 Exception <a 'java/lang/ClassNotFoundException'{0x0000000710934450}: com/sun/swing/internal/plaf/basic/resources/spi/basicProvider> (0x0000000710934450) thrown at [./src/hotspot/share/classfile/systemDictionary.cpp, line 231]
Event: 0.496 Thread 0x000001c085671000 Exception <a 'java/io/FileNotFoundException'{0x000000071084e1d8}> (0x000000071084e1d8) thrown at [./src/hotspot/share/prims/jni.cpp, line 615]
Event: 0.496 Thread 0x000001c085671000 Exception <a 'java/lang/NullPointerException'{0x000000071084eac8}> (0x000000071084eac8) thrown at [./src/hotspot/share/interpreter/linkResolver.cpp, line 1358]
Event: 0.512 Thread 0x000001c085671000 Exception <a 'java/lang/NoSuchMethodError'{0x000000071072bae0}: 'java.lang.Object java.lang.invoke.DirectMethodHandle$Holder.invokeStatic(java.lang.Object, java.lang.Object, java.lang.Object, java.lang.Object, java.lang.Object, java.lang.Object, java.lang.Object, java.lang.Object, java.lang.Object, java.lang.Object, java.lang.Object, int)'> (0x000000071072bae0) thrown at [./src/hotspot/share/interpreter/linkResolver.cpp, line 773]
Event: 0.512 Thread 0x000001c085671000 Exception <a 'java/lang/NoSuchMethodError'{0x00000007107499e0}: 'java.lang.Object java.lang.invoke.DirectMethodHandle$Holder.invokeStatic(java.lang.Object, java.lang.Object, java.lang.Object, java.lang.Object, java.lang.Object, java.lang.Object, java.lang.Object, java.lang.Object, java.lang.Object, java.lang.Object, java.lang.Object, int, int)'> (0x00000007107499e0) thrown at [./src/hotspot/share/interpreter/linkResolver.cpp, line 773]
Event: 0.513 Thread 0x000001c085671000 Exception <a 'java/lang/NoSuchMethodError'{0x0000000710768770}: 'java.lang.Object java.lang.invoke.DirectMethodHandle$Holder.invokeStatic(java.lang.Object, java.lang.Object, java.lang.Object, java.lang.Object, java.lang.Object, java.lang.Object, java.lang.Object, java.lang.Object, java.lang.Object, java.lang.Object, java.lang.Object, int, int, java.lang.Object)'> (0x0000000710768770) thrown at [./src/hotspot/share/interpreter/linkResolver.cpp, line 773]
Event: 0.514 Thread 0x000001c085671000 Exception <a 'java/lang/NoSuchMethodError'{0x0000000710788df8}: 'java.lang.Object java.lang.invoke.DirectMethodHandle$Holder.invokeStatic(java.lang.Object, java.lang.Object, java.lang.Object, java.lang.Object, java.lang.Object, java.lang.Object, java.lang.Object, java.lang.Object, java.lang.Object, java.lang.Object, java.lang.Object, int, int, java.lang.Object, java.lang.Object)'> (0x0000000710788df8) thrown at [./src/hotspot/share/interpreter/linkResolver.cpp, line 773]
Event: 0.525 Thread 0x000001c085671000 Exception <a 'java/lang/NoSuchMethodError'{0x000000071063d090}: 'java.lang.Object java.lang.invoke.DirectMethodHandle$Holder.invokeSpecial(java.lang.Object, java.lang.Object, int, int, java.lang.Object, java.lang.Object, java.lang.Object, java.lang.Object)'> (0x000000071063d090) thrown at [./src/hotspot/share/interpreter/linkResolver.cpp, line 773]
Event: 0.525 Thread 0x000001c085671000 Exception <a 'java/lang/NoSuchMethodError'{0x00000007106407c8}: 'java.lang.Object java.lang.invoke.DelegatingMethodHandle$Holder.reinvoke_L(java.lang.Object, int, int, java.lang.Object, java.lang.Object, java.lang.Object, java.lang.Object)'> (0x00000007106407c8) thrown at [./src/hotspot/share/interpreter/linkResolver.cpp, line 773]
Event: 0.527 Thread 0x000001c085671000 Exception <a 'java/lang/NoSuchMethodError'{0x0000000710674568}: 'java.lang.Object java.lang.invoke.DirectMethodHandle$Holder.invokeStatic(java.lang.Object, java.lang.Object, java.lang.Object, java.lang.Object, java.lang.Object, java.lang.Object, java.lang.Object, java.lang.Object, int, int, java.lang.Object)'> (0x0000000710674568) thrown at [./src/hotspot/share/interpreter/linkResolver.cpp, line 773]
Event: 0.528 Thread 0x000001c085671000 Exception <a 'java/lang/NoSuchMethodError'{0x0000000710690e78}: 'java.lang.Object java.lang.invoke.DirectMethodHandle$Holder.invokeStatic(java.lang.Object, java.lang.Object, java.lang.Object, java.lang.Object, java.lang.Object, java.lang.Object, java.lang.Object, java.lang.Object, int, int, java.lang.Object, java.lang.Object)'> (0x0000000710690e78) thrown at [./src/hotspot/share/interpreter/linkResolver.cpp, line 773]
Event: 0.657 Thread 0x000001c085671000 Exception <a 'java/lang/NoSuchMethodError'{0x000000070febab10}: 'void java.lang.invoke.DirectMethodHandle$Holder.invokeStaticInit(java.lang.Object)'> (0x000000070febab10) thrown at [./src/hotspot/share/interpreter/linkResolver.cpp, line 773]
Event: 0.662 Thread 0x000001c085671000 Exception <a 'java/lang/NoSuchMethodError'{0x000000070fd0f8a8}: 'java.lang.Object java.lang.invoke.Invokers$Holder.linkToTargetMethod(java.lang.Object, int, java.lang.Object)'> (0x000000070fd0f8a8) thrown at [./src/hotspot/share/interpreter/linkResolver.cpp, line 773]

Events (20 events):
Event: 0.659 loading class sun/nio/cs/MS1252
Event: 0.659 loading class sun/nio/cs/MS1252 done
Event: 0.659 loading class sun/nio/cs/SingleByte
Event: 0.659 loading class sun/nio/cs/SingleByte done
Event: 0.659 loading class sun/awt/windows/WDefaultFontCharset$Encoder
Event: 0.659 loading class sun/awt/AWTCharset$Encoder
Event: 0.659 loading class sun/awt/AWTCharset$Encoder done
Event: 0.659 loading class sun/awt/windows/WDefaultFontCharset$Encoder done
Event: 0.659 loading class sun/nio/cs/SingleByte$Encoder
Event: 0.659 loading class sun/nio/cs/SingleByte$Encoder done
Event: 0.659 loading class java/io/ByteArrayOutputStream
Event: 0.659 loading class java/io/ByteArrayOutputStream done
Event: 0.659 loading class sun/awt/windows/WingDings
Event: 0.659 loading class sun/awt/windows/WingDings done
Event: 0.659 loading class sun/awt/windows/WingDings$Encoder
Event: 0.659 loading class sun/awt/windows/WingDings$Encoder done
Event: 0.660 loading class sun/awt/Symbol
Event: 0.660 loading class sun/awt/Symbol done
Event: 0.660 loading class sun/awt/Symbol$Encoder
Event: 0.660 loading class sun/awt/Symbol$Encoder done


Dynamic libraries:
0x00007ff600080000 - 0x00007ff60008d000 	C:\pleiades\eclipse\jre\bin\javaw.exe
0x00007ff9a86d0000 - 0x00007ff9a88c6000 	C:\WINDOWS\SYSTEM32\ntdll.dll
0x00007ff9a8490000 - 0x00007ff9a854d000 	C:\WINDOWS\System32\KERNEL32.DLL
0x00007ff9a63b0000 - 0x00007ff9a6679000 	C:\WINDOWS\System32\KERNELBASE.dll
0x00007ff9a6150000 - 0x00007ff9a6250000 	C:\WINDOWS\System32\ucrtbase.dll
0x00007ff99c500000 - 0x00007ff99c517000 	C:\pleiades\eclipse\jre\bin\jli.dll
0x00007ff99b460000 - 0x00007ff99b475000 	C:\pleiades\eclipse\jre\bin\VCRUNTIME140.dll
0x00007ff9a6990000 - 0x00007ff9a6b30000 	C:\WINDOWS\System32\USER32.dll
0x00007ff9a5f20000 - 0x00007ff9a5f42000 	C:\WINDOWS\System32\win32u.dll
0x00007ff99ab40000 - 0x00007ff99addb000 	C:\WINDOWS\WinSxS\amd64_microsoft.windows.common-controls_6595b64144ccf1df_6.0.19041.746_none_ca02b4b61b8320a4\COMCTL32.dll
0x00007ff9a68d0000 - 0x00007ff9a68fa000 	C:\WINDOWS\System32\GDI32.dll
0x00007ff9a8390000 - 0x00007ff9a842e000 	C:\WINDOWS\System32\msvcrt.dll
0x00007ff9a6250000 - 0x00007ff9a635b000 	C:\WINDOWS\System32\gdi32full.dll
0x00007ff9a5f50000 - 0x00007ff9a5fed000 	C:\WINDOWS\System32\msvcp_win.dll
0x00007ff9a7d30000 - 0x00007ff9a7d60000 	C:\WINDOWS\System32\IMM32.DLL
0x00007ff977400000 - 0x00007ff97749b000 	C:\pleiades\eclipse\jre\bin\msvcp140.dll
0x00007ff94b7d0000 - 0x00007ff94c28c000 	C:\pleiades\eclipse\jre\bin\server\jvm.dll
0x00007ff9a8550000 - 0x00007ff9a85fc000 	C:\WINDOWS\System32\ADVAPI32.dll
0x00007ff9a7910000 - 0x00007ff9a79ac000 	C:\WINDOWS\System32\sechost.dll
0x00007ff9a6b30000 - 0x00007ff9a6c5b000 	C:\WINDOWS\System32\RPCRT4.dll
0x00007ff9a81e0000 - 0x00007ff9a81e8000 	C:\WINDOWS\System32\PSAPI.DLL
0x00007ff9a0600000 - 0x00007ff9a060a000 	C:\WINDOWS\SYSTEM32\VERSION.dll
0x00007ff991ef0000 - 0x00007ff991ef9000 	C:\WINDOWS\SYSTEM32\WSOCK32.dll
0x00007ff99ce00000 - 0x00007ff99ce27000 	C:\WINDOWS\SYSTEM32\WINMM.dll
0x00007ff9a67e0000 - 0x00007ff9a684b000 	C:\WINDOWS\System32\WS2_32.dll
0x00007ff9a3d60000 - 0x00007ff9a3d72000 	C:\WINDOWS\SYSTEM32\kernel.appcore.dll
0x00007ff9a3610000 - 0x00007ff9a3620000 	C:\pleiades\eclipse\jre\bin\verify.dll
0x00007ff993fe0000 - 0x00007ff9941c4000 	C:\WINDOWS\SYSTEM32\DBGHELP.DLL
0x00007ff990b40000 - 0x00007ff990b6c000 	C:\WINDOWS\SYSTEM32\dbgcore.DLL
0x00007ff9a6680000 - 0x00007ff9a6700000 	C:\WINDOWS\System32\bcryptPrimitives.dll
0x00007ff98bfc0000 - 0x00007ff98bfe8000 	C:\pleiades\eclipse\jre\bin\java.dll
0x00007ff9885c0000 - 0x00007ff9885d6000 	C:\pleiades\eclipse\jre\bin\zip.dll
0x00007ff98bfb0000 - 0x00007ff98bfba000 	C:\pleiades\eclipse\jre\bin\jimage.dll
0x00007ff9a6cc0000 - 0x00007ff9a7403000 	C:\WINDOWS\System32\SHELL32.dll
0x00007ff9a3f60000 - 0x00007ff9a46ef000 	C:\WINDOWS\SYSTEM32\windows.storage.dll
0x00007ff9a7410000 - 0x00007ff9a7766000 	C:\WINDOWS\System32\combase.dll
0x00007ff9a5840000 - 0x00007ff9a586c000 	C:\WINDOWS\SYSTEM32\Wldp.dll
0x00007ff9a79b0000 - 0x00007ff9a7a5e000 	C:\WINDOWS\System32\SHCORE.dll
0x00007ff9a8430000 - 0x00007ff9a8485000 	C:\WINDOWS\System32\shlwapi.dll
0x00007ff9a5d10000 - 0x00007ff9a5d36000 	C:\WINDOWS\SYSTEM32\profapi.dll
0x00007ff95ce80000 - 0x00007ff95d019000 	C:\pleiades\eclipse\jre\bin\awt.dll
0x00007ff9a7840000 - 0x00007ff9a790d000 	C:\WINDOWS\System32\OLEAUT32.dll
0x00007ff9a36d0000 - 0x00007ff9a3760000 	C:\WINDOWS\SYSTEM32\apphelp.dll
0x00007ff9a3b80000 - 0x00007ff9a3baf000 	C:\WINDOWS\system32\DWMAPI.DLL
0x00007ff9a38a0000 - 0x00007ff9a393e000 	C:\WINDOWS\system32\uxtheme.dll
0x00007ff9716c0000 - 0x00007ff9717e5000 	C:\WINDOWS\system32\opengl32.dll
0x00007ff976ea0000 - 0x00007ff976ecc000 	C:\WINDOWS\SYSTEM32\GLU32.dll
0x00007ff9a7c10000 - 0x00007ff9a7d26000 	C:\WINDOWS\System32\MSCTF.dll
0x00007ff9a8260000 - 0x00007ff9a838a000 	C:\WINDOWS\System32\ole32.dll
0x00007ff99a220000 - 0x00007ff99a3ef000 	C:\WINDOWS\system32\d3d9.dll
0x00007ff99cff0000 - 0x00007ff99d0f2000 	C:\WINDOWS\System32\DriverStore\FileRepository\nvmd.inf_amd64_1408eaf9a25ed64f\nvldumdx.dll
0x00007ff9a59c0000 - 0x00007ff9a59d2000 	C:\WINDOWS\SYSTEM32\msasn1.dll
0x00007ff99fbc0000 - 0x00007ff99fbf1000 	C:\WINDOWS\SYSTEM32\cryptnet.dll
0x00007ff9a5ff0000 - 0x00007ff9a6146000 	C:\WINDOWS\System32\CRYPT32.dll
0x00007ff9a57b0000 - 0x00007ff9a57bc000 	C:\WINDOWS\SYSTEM32\cryptbase.dll
0x00007ff9a5e10000 - 0x00007ff9a5e70000 	C:\WINDOWS\System32\WINTRUST.DLL
0x00007ff9a7820000 - 0x00007ff9a783d000 	C:\WINDOWS\System32\imagehlp.dll
0x00007ff9a5790000 - 0x00007ff9a57a8000 	C:\WINDOWS\SYSTEM32\CRYPTSP.dll
0x00007ff9a4ef0000 - 0x00007ff9a4f24000 	C:\WINDOWS\system32\rsaenh.dll
0x00007ff9a5de0000 - 0x00007ff9a5e07000 	C:\WINDOWS\System32\bcrypt.dll
0x00007ff949ba0000 - 0x00007ff94b5bc000 	C:\WINDOWS\System32\DriverStore\FileRepository\nvmd.inf_amd64_1408eaf9a25ed64f\nvd3dumx.dll
0x00007ff9836b0000 - 0x00007ff983969000 	C:\WINDOWS\system32\nvspcap64.dll
0x00007ff9a4b20000 - 0x00007ff9a4b53000 	C:\WINDOWS\SYSTEM32\ntmarta.dll
0x00007ff9a4700000 - 0x00007ff9a4723000 	C:\WINDOWS\SYSTEM32\gpapi.dll
0x00007ff99dfa0000 - 0x00007ff99dfdb000 	C:\WINDOWS\SYSTEM32\dxcore.dll
0x00007ff9a6360000 - 0x00007ff9a63ae000 	C:\WINDOWS\System32\cfgmgr32.dll
0x00007ff95d260000 - 0x00007ff95d2e2000 	C:\pleiades\eclipse\jre\bin\freetype.dll
0x00007ff95cdd0000 - 0x00007ff95ce76000 	C:\pleiades\eclipse\jre\bin\fontmanager.dll
0x00007ff9885a0000 - 0x00007ff9885b9000 	C:\pleiades\eclipse\jre\bin\net.dll
0x00007ff9994e0000 - 0x00007ff9995e0000 	C:\WINDOWS\SYSTEM32\WINHTTP.dll
0x00007ff9a55c0000 - 0x00007ff9a562a000 	C:\WINDOWS\system32\mswsock.dll
0x00007ff987820000 - 0x00007ff987832000 	C:\pleiades\eclipse\jre\bin\nio.dll

dbghelp: loaded successfully - version: 4.0.5 - missing functions: none
symbol engine: initialized successfully - sym options: 0x614 - pdb path: .;C:\pleiades\eclipse\jre\bin;C:\WINDOWS\SYSTEM32;C:\WINDOWS\WinSxS\amd64_microsoft.windows.common-controls_6595b64144ccf1df_6.0.19041.746_none_ca02b4b61b8320a4;C:\pleiades\eclipse\jre\bin\server;C:\WINDOWS\System32\DriverStore\FileRepository\nvmd.inf_amd64_1408eaf9a25ed64f

VM Arguments:
jvm_args: -Dfile.encoding=UTF-8 
java_command: Sys.Main
java_class_path (initial): C:\Dropbox\Eclipse\workspace\SensouGame\bin
Launcher Type: SUN_STANDARD

[Global flags]
     intx CICompilerCount                          = 3                                         {product} {ergonomic}
     uint ConcGCThreads                            = 2                                         {product} {ergonomic}
     uint G1ConcRefinementThreads                  = 6                                         {product} {ergonomic}
   size_t G1HeapRegionSize                         = 1048576                                   {product} {ergonomic}
    uintx GCDrainStackTargetSize                   = 64                                        {product} {ergonomic}
   size_t InitialHeapSize                          = 268435456                                 {product} {ergonomic}
   size_t MarkStackSize                            = 4194304                                   {product} {ergonomic}
   size_t MaxHeapSize                              = 4278190080                                {product} {ergonomic}
   size_t MaxNewSize                               = 2566914048                                {product} {ergonomic}
   size_t MinHeapDeltaBytes                        = 1048576                                   {product} {ergonomic}
    uintx NonNMethodCodeHeapSize                   = 5830732                                {pd product} {ergonomic}
    uintx NonProfiledCodeHeapSize                  = 122913754                              {pd product} {ergonomic}
    uintx ProfiledCodeHeapSize                     = 122913754                              {pd product} {ergonomic}
    uintx ReservedCodeCacheSize                    = 251658240                              {pd product} {ergonomic}
     bool SegmentedCodeCache                       = true                                      {product} {ergonomic}
     bool UseCompressedClassPointers               = true                                 {lp64_product} {ergonomic}
     bool UseCompressedOops                        = true                                 {lp64_product} {ergonomic}
     bool UseG1GC                                  = true                                      {product} {ergonomic}
     bool UseLargePagesIndividualAllocation        = false                                  {pd product} {ergonomic}

Logging:
Log output configuration:
 #0: stdout all=warning uptime,level,tags
 #1: stderr all=off uptime,level,tags

Environment Variables:
PATH=C:/pleiades/eclipse//jre/bin/server;C:/pleiades/eclipse//jre/bin;C:\MinGW\bin;C:\Program Files (x86)\Common Files\Oracle\Java\javapath;C:\Windows\system32;C:\Windows;C:\Windows\System32\Wbem;C:\Windows\System32\WindowsPowerShell\v1.0\;C:\Windows\System32\OpenSSH\;C:\Program Files (x86)\NVIDIA Corporation\PhysX\Common;C:\WINDOWS\system32;C:\WINDOWS;C:\WINDOWS\System32\Wbem;C:\WINDOWS\System32\WindowsPowerShell\v1.0\;C:\WINDOWS\System32\OpenSSH\;C:\Program Files (x86)\Common Files\Adobe\AGL;C:\Program Files\PuTTY\;C:\Program Files\Java\jdk1.8.0_261\bin;C:\Program Files\dotnet\;C:\Program Files\NVIDIA Corporation\NVIDIA NvDLISR;C:\Program Files\Git\cmd;C:\Ruby26-x64\bin;C:\Users\kohei\AppData\Local\Microsoft\WindowsApps;C:\Users\kohei\AppData\Local\Programs\Microsoft VS Code\bin;C:\Users\kohei\.dotnet\tools;;C:\pleiades\eclipse;
USERNAME=kohei
OS=Windows_NT
PROCESSOR_IDENTIFIER=Intel64 Family 6 Model 158 Stepping 10, GenuineIntel



---------------  S Y S T E M  ---------------

OS: Windows 10 , 64 bit Build 19041 (10.0.19041.662)
OS uptime: 0 days 16:13 hours

CPU:total 6 (initial active 6) (6 cores per cpu, 1 threads per core) family 6 model 158 stepping 10, cmov, cx8, fxsr, mmx, sse, sse2, sse3, ssse3, sse4.1, sse4.2, popcnt, avx, avx2, aes, clmul, erms, 3dnowpref, lzcnt, tsc, tscinvbit, bmi1, bmi2, adx, fma

Memory: 4k page, system-wide physical 16317M (8727M free)
TotalPageFile size 18749M (AvailPageFile size 8980M)
current process WorkingSet (physical memory assigned to process): 103M, peak: 108M
current process commit charge ("private bytes"): 378M, peak: 383M

vm_info: OpenJDK 64-Bit Server VM (11.0.7+10) for windows-amd64 JRE (11.0.7+10), built on Apr 22 2020 11:46:09 by "" with MS VC++ 15.9 (VS2017)

END.
